Lab3a_IntentsLabTest/app/build/outputs/logs/manifest-merger-debug-report.txt
-- Merging decision tree log ---
manifest
ADDED from src/main/AndroidManifest.xml:2:1-19:12
	package
		ADDED from src/main/AndroidManifest.xml:3:5-43
		INJECTED from src/main/AndroidManifest.xml
		INJECTED from src/main/AndroidManifest.xml
	android:versionName
		ADDED from src/main/AndroidManifest.xml:5:5-30
		INJECTED from src/main/AndroidManifest.xml
		INJECTED from src/main/AndroidManifest.xml
	android:versionCode
		ADDED from src/main/AndroidManifest.xml:4:5-28
		INJECTED from src/main/AndroidManifest.xml
		INJECTED from src/main/AndroidManifest.xml
	xmlns:android
		ADDED from src/main/AndroidManifest.xml:2:11-69
uses-permission#android.permission.WRITE_EXTERNAL_STORAGE
ADDED from src/main/AndroidManifest.xml:7:5-81
	android:name
		ADDED from src/main/AndroidManifest.xml:7:22-78
uses-sdk
ADDED from src/main/AndroidManifest.xml:9:5-44
	android:targetSdkVersion
		INJECTED from src/main/AndroidManifest.xml
		INJECTED from src/main/AndroidManifest.xml
	android:minSdkVersion
		ADDED from src/main/AndroidManifest.xml:9:15-41
		INJECTED from src/main/AndroidManifest.xml
		INJECTED from src/main/AndroidManifest.xml
instrumentation#android.test.InstrumentationTestRunner
ADDED from src/main/AndroidManifest.xml:11:5-13:58
	android:targetPackage
		ADDED from src/main/AndroidManifest.xml:13:9-55
	android:name
		ADDED from src/main/AndroidManifest.xml:12:9-62
application
ADDED from src/main/AndroidManifest.xml:15:5-17:19
	android:label
		ADDED from src/main/AndroidManifest.xml:15:18-62
uses-library#android.test.runner
ADDED from src/main/AndroidManifest.xml:16:9-60
	android:name
		ADDED from src/main/AndroidManifest.xml:16:23-57